<?xml version="1.0" encoding="UTF-8"?>
<!-- Generated by org.testng.reporters.JUnitXMLReporter -->
<testsuite ignored="0" hostname="DESKTOP-5MGC367" failures="0" tests="2" name="Surefire test" time="0.098" errors="0" timestamp="2022-06-07T06:17:04 IST">
  <testcase classname="org.selenium.pom.base.BaseTest" name="@BeforeMethod startDriver" time="-1.65456282425E9">
    <failure type="org.testng.TestNGException" message="
Parameter &amp;apos;browser&amp;apos; is required by BeforeMethod on method startDriver but has not been marked @Optional or defined
">
      <![CDATA[org.testng.TestNGException: 
Parameter 'browser' is required by BeforeMethod on method startDriver but has not been marked @Optional or defined

at java.base/java.util.ArrayList.forEach(ArrayList.java:1541)
... Removed 33 stack frames]]>
    </failure>
  </testcase> <!-- @BeforeMethod startDriver -->
  <testcase classname="org.selenium.pom.base.BaseTest" name="@AfterMethod quitDriver" time="-1.654562824274E9">
    <skipped/>
  </testcase> <!-- @AfterMethod quitDriver -->
  <testcase classname="org.selenium.pom.base.BaseTest" name="@BeforeMethod startDriver" time="-1.654562824277E9">
    <skipped/>
  </testcase> <!-- @BeforeMethod startDriver -->
  <testcase classname="org.selenium.pom.base.BaseTest" name="@AfterMethod quitDriver" time="-1.654562824286E9">
    <skipped/>
  </testcase> <!-- @AfterMethod quitDriver -->
  <testcase classname="org.selenium.pom.tests.MyFirstTestCaseTest" name="guestCheckoutUsingDirectBankTransfer" time="0.0">
    <skipped/>
  </testcase> <!-- guestCheckoutUsingDirectBankTransfer -->
  <testcase classname="org.selenium.pom.tests.MyFirstTestCaseTest" name="loginAndCheckoutUsingDirectBankTransfer" time="0.0">
    <skipped/>
  </testcase> <!-- loginAndCheckoutUsingDirectBankTransfer -->
</testsuite> <!-- Surefire test -->
